<?xml version="1.0" encoding="UTF-8"?>
<!-- Generated by org.testng.reporters.JUnitXMLReporter -->
<testsuite hostname="SEZVM2330P" name="SmokeTest with firefox" tests="2" failures="2" timestamp="29 Jul 2015 13:54:55 GMT" time="0.094" errors="0">
  <testcase name="@AfterTest afterTest" time="0.0" classname="testscript.SmokeTest">
    <failure type="java.lang.NullPointerException">
      <![CDATA[java.lang.NullPointerException
	at test.Core.TestBase.afterTest(TestBase.java:84)
... Removed 22 stack frames]]>
    </failure>
  </testcase> <!-- @AfterTest afterTest -->
  <testcase name="Verify_Add_Item_To_Shopping_List" time="0.063" classname="testscript.SmokeTest">
    <failure type="java.lang.NullPointerException">
      <![CDATA[java.lang.NullPointerException
	at test.Core.Action.OpenURl(Action.java:78)
	at pageObjects.HomePage.GotoHomePage(HomePage.java:32)
	at testscript.SmokeTest.Verify_Add_Item_To_Shopping_List(SmokeTest.java:149)
... Removed 24 stack frames]]>
    </failure>
  </testcase> <!-- Verify_Add_Item_To_Shopping_List -->
  <testcase name="Verify_Add_Item_To_Shopping_List" time="0.063" classname="testscript.SmokeTest">
    <failure type="java.lang.NullPointerException">
      <![CDATA[java.lang.NullPointerException
	at test.Core.Action.TakeScreenshot(Action.java:498)
	at test.Core.Log.onTestFailure(Log.java:72)
... Removed 21 stack frames]]>
    </failure>
  </testcase> <!-- Verify_Add_Item_To_Shopping_List -->
</testsuite> <!-- SmokeTest with firefox -->
