<?xml version="1.0" encoding="UTF-8"?>
<testng-results skipped="0" failed="0" total="2" passed="2">
  <reporter-output>
  </reporter-output>
  <suite name="TestSuit" duration-ms="52109" started-at="2015-07-29T13:28:44Z" finished-at="2015-07-29T13:29:36Z">
    <groups>
      <group name="ICA.SE-Smoke Test">
        <method signature="SmokeTest.Verify_Add_Item_To_Shopping_List()[pri:0, instance:testscript.SmokeTest@cbc42f]" name="Verify_Add_Item_To_Shopping_List" class="testscript.SmokeTest"/>
        <method signature="SmokeTest.Verify_Login_Functionality_With_6Digit()[pri:0, instance:testscript.SmokeTest@cbc42f]" name="Verify_Login_Functionality_With_6Digit" class="testscript.SmokeTest"/>
      </group> <!-- ICA.SE-Smoke Test -->
    </groups>
    <test name="SmokeTest with firefox" duration-ms="52109" started-at="2015-07-29T13:28:44Z" finished-at="2015-07-29T13:29:36Z">
      <class name="testscript.SmokeTest">
        <test-method status="PASS" signature="BeforeSuit()[pri:0, instance:testscript.SmokeTest@cbc42f]" name="BeforeSuit" is-config="true" duration-ms="390" started-at="2015-07-29T15:28:43Z" finished-at="2015-07-29T15:28:44Z">
          <reporter-output>
          </reporter-output>
        </test-method> <!-- BeforeSuit -->
        <test-method status="PASS" signature="beforeTest(java.lang.String)[pri:0, instance:testscript.SmokeTest@cbc42f]" name="beforeTest" is-config="true" duration-ms="3693" started-at="2015-07-29T15:28:44Z" finished-at="2015-07-29T15:28:47Z">
          <params>
            <param index="0">
              <value>
                <![CDATA[iPhone]]>
              </value>
            </param>
          </params>
          <reporter-output>
          </reporter-output>
        </test-method> <!-- beforeTest -->
        <test-method status="PASS" signature="Verify_Add_Item_To_Shopping_List()[pri:0, instance:testscript.SmokeTest@cbc42f]" name="Verify_Add_Item_To_Shopping_List" duration-ms="37566" started-at="2015-07-29T15:28:48Z" description="Verify_Add_Item_To_Shopping_List" finished-at="2015-07-29T15:29:25Z">
          <reporter-output>
          </reporter-output>
        </test-method> <!-- Verify_Add_Item_To_Shopping_List -->
        <test-method status="PASS" signature="Verify_Login_Functionality_With_6Digit()[pri:0, instance:testscript.SmokeTest@cbc42f]" name="Verify_Login_Functionality_With_6Digit" duration-ms="9080" started-at="2015-07-29T15:29:25Z" description="Verify the login functionality with 6 digit pin(New customer)" finished-at="2015-07-29T15:29:34Z">
          <reporter-output>
          </reporter-output>
        </test-method> <!-- Verify_Login_Functionality_With_6Digit -->
        <test-method status="PASS" signature="afterTest()[pri:0, instance:testscript.SmokeTest@cbc42f]" name="afterTest" is-config="true" duration-ms="1388" started-at="2015-07-29T15:29:35Z" finished-at="2015-07-29T15:29:36Z">
          <reporter-output>
          </reporter-output>
        </test-method> <!-- afterTest -->
        <test-method status="PASS" signature="AfterSuit()[pri:0, instance:testscript.SmokeTest@cbc42f]" name="AfterSuit" is-config="true" duration-ms="109" started-at="2015-07-29T15:29:36Z" finished-at="2015-07-29T15:29:36Z">
          <reporter-output>
          </reporter-output>
        </test-method> <!-- AfterSuit -->
      </class> <!-- testscript.SmokeTest -->
    </test> <!-- SmokeTest with firefox -->
  </suite> <!-- TestSuit -->
</testng-results>
