<?xml version="1.0" encoding="UTF-8"?>
<testng-results skipped="0" failed="0" total="1" passed="1">
  <reporter-output>
  </reporter-output>
  <suite name="TestSuit" duration-ms="38338" started-at="2015-07-23T09:34:25Z" finished-at="2015-07-23T09:35:04Z">
    <groups>
      <group name="ICA.SE-Smoke Test">
        <method signature="SmokeTest.Verify_StoreCache_Functionality_With_Login()[pri:0, instance:testscript.SmokeTest@675690]" name="Verify_StoreCache_Functionality_With_Login" class="testscript.SmokeTest"/>
      </group> <!-- ICA.SE-Smoke Test -->
    </groups>
    <test name="SmokeTest with Chrome" duration-ms="38338" started-at="2015-07-23T09:34:25Z" finished-at="2015-07-23T09:35:04Z">
      <class name="testscript.SmokeTest">
        <test-method status="PASS" signature="BeforeSuit()[pri:0, instance:testscript.SmokeTest@675690]" name="BeforeSuit" is-config="true" duration-ms="16" started-at="2015-07-23T11:34:25Z" finished-at="2015-07-23T11:34:25Z">
          <reporter-output>
          </reporter-output>
        </test-method> <!-- BeforeSuit -->
        <test-method status="PASS" signature="beforeClass(java.lang.String)[pri:0, instance:testscript.SmokeTest@675690]" name="beforeClass" is-config="true" duration-ms="3898" started-at="2015-07-23T11:34:25Z" finished-at="2015-07-23T11:34:29Z">
          <params>
            <param index="0">
              <value>
                <![CDATA[chrome]]>
              </value>
            </param>
          </params>
          <reporter-output>
          </reporter-output>
        </test-method> <!-- beforeClass -->
        <test-method status="PASS" signature="Verify_StoreCache_Functionality_With_Login()[pri:0, instance:testscript.SmokeTest@675690]" name="Verify_StoreCache_Functionality_With_Login" duration-ms="33012" started-at="2015-07-23T11:34:29Z" description="Verify StoreCache Functionality With Login" finished-at="2015-07-23T11:35:02Z">
          <reporter-output>
          </reporter-output>
        </test-method> <!-- Verify_StoreCache_Functionality_With_Login -->
        <test-method status="PASS" signature="afterClass()[pri:0, instance:testscript.SmokeTest@675690]" name="afterClass" is-config="true" duration-ms="1411" started-at="2015-07-23T11:35:02Z" finished-at="2015-07-23T11:35:04Z">
          <reporter-output>
          </reporter-output>
        </test-method> <!-- afterClass -->
      </class> <!-- testscript.SmokeTest -->
    </test> <!-- SmokeTest with Chrome -->
  </suite> <!-- TestSuit -->
</testng-results>
