<?xml version="1.0" encoding="UTF-8"?>
<testng-results skipped="0" failed="1" total="1" passed="0">
  <reporter-output>
  </reporter-output>
  <suite name="TestSuit" duration-ms="38678" started-at="2015-07-23T13:48:03Z" finished-at="2015-07-23T13:48:42Z">
    <groups>
      <group name="ICA.SE-Smoke Test">
        <method signature="SmokeTest.Verify_StoreCache_Functionality_With_Login()[pri:0, instance:testscript.SmokeTest@675690]" name="Verify_StoreCache_Functionality_With_Login" class="testscript.SmokeTest"/>
      </group> <!-- ICA.SE-Smoke Test -->
    </groups>
    <test name="SmokeTest with Chrome" duration-ms="38678" started-at="2015-07-23T13:48:03Z" finished-at="2015-07-23T13:48:42Z">
      <class name="testscript.SmokeTest">
        <test-method status="PASS" signature="beforeTest(java.lang.String)[pri:0, instance:testscript.SmokeTest@675690]" name="beforeTest" is-config="true" duration-ms="3892" started-at="2015-07-23T15:48:03Z" finished-at="2015-07-23T15:48:07Z">
          <params>
            <param index="0">
              <value>
                <![CDATA[chrome]]>
              </value>
            </param>
          </params>
          <reporter-output>
          </reporter-output>
        </test-method> <!-- beforeTest -->
        <test-method status="PASS" signature="BeforeSuit()[pri:0, instance:testscript.SmokeTest@675690]" name="BeforeSuit" is-config="true" duration-ms="0" started-at="2015-07-23T15:48:03Z" finished-at="2015-07-23T15:48:03Z">
          <reporter-output>
          </reporter-output>
        </test-method> <!-- BeforeSuit -->
        <test-method status="FAIL" signature="Verify_StoreCache_Functionality_With_Login()[pri:0, instance:testscript.SmokeTest@675690]" name="Verify_StoreCache_Functionality_With_Login" duration-ms="33153" started-at="2015-07-23T15:48:07Z" description="Verify StoreCache Functionality With Login" finished-at="2015-07-23T15:48:40Z">
          <exception class="java.lang.NullPointerException">
            <full-stacktrace>
              <![CDATA[java.lang.NullPointerException
	at test.Core.Log.Error(Log.java:85)
	at test.Core.Action.AssertFail(Action.java:334)
	at test.Core.Action.WaitForTextPresent(Action.java:273)
	at test.Core.Action.VerifyTextPresent(Action.java:245)
	at pageObjects.HomePage.VerifyStoreCache(HomePage.java:75)
	at testscript.SmokeTest.Verify_StoreCache_Functionality_With_Login(SmokeTest.java:92)
	at sun.reflect.NativeMethodAccessorImpl.invoke0(Native Method)
	at sun.reflect.NativeMethodAccessorImpl.invoke(Unknown Source)
	at sun.reflect.DelegatingMethodAccessorImpl.invoke(Unknown Source)
	at java.lang.reflect.Method.invoke(Unknown Source)
	at org.testng.internal.MethodInvocationHelper.invokeMethod(MethodInvocationHelper.java:84)
	at org.testng.internal.Invoker.invokeMethod(Invoker.java:714)
	at org.testng.internal.Invoker.invokeTestMethod(Invoker.java:901)
	at org.testng.internal.Invoker.invokeTestMethods(Invoker.java:1231)
	at org.testng.internal.TestMethodWorker.invokeTestMethods(TestMethodWorker.java:127)
	at org.testng.internal.TestMethodWorker.run(TestMethodWorker.java:111)
	at org.testng.TestRunner.privateRun(TestRunner.java:767)
	at org.testng.TestRunner.run(TestRunner.java:617)
	at org.testng.SuiteRunner.runTest(SuiteRunner.java:334)
	at org.testng.SuiteRunner.runSequentially(SuiteRunner.java:329)
	at org.testng.SuiteRunner.privateRun(SuiteRunner.java:291)
	at org.testng.SuiteRunner.run(SuiteRunner.java:240)
	at org.testng.SuiteRunnerWorker.runSuite(SuiteRunnerWorker.java:52)
	at org.testng.SuiteRunnerWorker.run(SuiteRunnerWorker.java:86)
	at org.testng.TestNG.runSuitesSequentially(TestNG.java:1224)
	at org.testng.TestNG.runSuitesLocally(TestNG.java:1149)
	at org.testng.TestNG.run(TestNG.java:1057)
	at org.testng.remote.RemoteTestNG.run(RemoteTestNG.java:111)
	at org.testng.remote.RemoteTestNG.initAndRun(RemoteTestNG.java:204)
	at org.testng.remote.RemoteTestNG.main(RemoteTestNG.java:175)
]]>
            </full-stacktrace>
          </exception> <!-- java.lang.NullPointerException -->
          <reporter-output>
          </reporter-output>
        </test-method> <!-- Verify_StoreCache_Functionality_With_Login -->
        <test-method status="FAIL" signature="afterTest()[pri:0, instance:testscript.SmokeTest@675690]" name="afterTest" is-config="true" duration-ms="0" started-at="2015-07-23T15:48:40Z" finished-at="2015-07-23T15:48:40Z">
          <exception class="java.lang.NullPointerException">
            <full-stacktrace>
              <![CDATA[java.lang.NullPointerException
	at Utility.TestBase.afterTest(TestBase.java:71)
	at sun.reflect.NativeMethodAccessorImpl.invoke0(Native Method)
	at sun.reflect.NativeMethodAccessorImpl.invoke(Unknown Source)
	at sun.reflect.DelegatingMethodAccessorImpl.invoke(Unknown Source)
	at java.lang.reflect.Method.invoke(Unknown Source)
	at org.testng.internal.MethodInvocationHelper.invokeMethod(MethodInvocationHelper.java:84)
	at org.testng.internal.Invoker.invokeConfigurationMethod(Invoker.java:564)
	at org.testng.internal.Invoker.invokeConfigurations(Invoker.java:213)
	at org.testng.internal.Invoker.invokeConfigurations(Invoker.java:138)
	at org.testng.TestRunner.afterRun(TestRunner.java:1014)
	at org.testng.TestRunner.run(TestRunner.java:621)
	at org.testng.SuiteRunner.runTest(SuiteRunner.java:334)
	at org.testng.SuiteRunner.runSequentially(SuiteRunner.java:329)
	at org.testng.SuiteRunner.privateRun(SuiteRunner.java:291)
	at org.testng.SuiteRunner.run(SuiteRunner.java:240)
	at org.testng.SuiteRunnerWorker.runSuite(SuiteRunnerWorker.java:52)
	at org.testng.SuiteRunnerWorker.run(SuiteRunnerWorker.java:86)
	at org.testng.TestNG.runSuitesSequentially(TestNG.java:1224)
	at org.testng.TestNG.runSuitesLocally(TestNG.java:1149)
	at org.testng.TestNG.run(TestNG.java:1057)
	at org.testng.remote.RemoteTestNG.run(RemoteTestNG.java:111)
	at org.testng.remote.RemoteTestNG.initAndRun(RemoteTestNG.java:204)
	at org.testng.remote.RemoteTestNG.main(RemoteTestNG.java:175)
]]>
            </full-stacktrace>
          </exception> <!-- java.lang.NullPointerException -->
          <reporter-output>
          </reporter-output>
        </test-method> <!-- afterTest -->
      </class> <!-- testscript.SmokeTest -->
    </test> <!-- SmokeTest with Chrome -->
  </suite> <!-- TestSuit -->
</testng-results>
